==================================================================================================================================================================2025-09-07 22:06:00 ERROR: test_unique_bugs_std_id (__main__.TestBugSTDValidation.test_unique_bugs_std_id)
Validate each bug's STD_ID against expected Test Case IDs and generate HTML report. ... ERROR
======================================================================
ERROR: test_unique_bugs_std_id (__main__.TestBugSTDValidation.test_unique_bugs_std_id)
Validate each bug's STD_ID against expected Test Case IDs and generate HTML report.
----------------------------------------------------------------------
Traceback (most recent call last):
  File "test\test_bugs_std_validation.py", line 50, in test_unique_bugs_std_id
  File "test\test_bugs_std_validation.py", line 64, in process_single_bug
  File "logic\work_items_search.py", line 30, in fill_bug_id_input_and_press_enter
  File "infra\base_page.py", line 38, in wait_clickable
    return WebDriverWait(self._driver, timeout or self._timeout).until(
           ~~~~~~~~~~~~~~~~~~~~~~~~~~~~~~~~~~~~~~~~~~~~~~~~~~~~~~~~~~~^
        EC.element_to_be_clickable((by, value))
        ^^^^^^^^^^^^^^^^^^^^^^^^^^^^^^^^^^^^^^^
    )
    ^
  File "selenium\webdriver\support\wait.py", line 95, in until
selenium.common.exceptions.TimeoutException: Message: 
Stacktrace:
	GetHandleVerifier [0x0x77a8a3+63283]
	GetHandleVerifier [0x0x77a8e4+63348]
	(No symbol) [0x0x5b3e43]
	(No symbol) [0x0x5fc8de]
	(No symbol) [0x0x5fcc7b]
	(No symbol) [0x0x644ef2]
	(No symbol) [0x0x621464]
	(No symbol) [0x0x64271a]
	(No symbol) [0x0x621216]
	(No symbol) [0x0x5f0855]
	(No symbol) [0x0x5f16f4]
	GetHandleVerifier [0x0x9ebb43+2623955]
	GetHandleVerifier [0x0x9e6daa+2604090]
	GetHandleVerifier [0x0x7a069a+218410]
	GetHandleVerifier [0x0x790ed8+154984]
	GetHandleVerifier [0x0x79742d+180925]
	GetHandleVerifier [0x0x7822b8+94536]
	GetHandleVerifier [0x0x782442+94930]
	GetHandleVerifier [0x0x76d5ea+9338]
	BaseThreadInitThunk [0x0x76a25d49+25]
	RtlInitializeExceptionChain [0x0x77bfd2fb+107]
	RtlGetAppContainerNamedObjectPath [0x0x77bfd281+561]
----------------------------------------------------------------------
Ran 1 test in 28.092s
FAILED (errors=1)

========================================================================================================================================================================================================================
[ERROR 9/7/2025 11:19:04 PM] test_excel_violations (__main__.TestExcelViolations.test_excel_violations)
Validate that Excel is consistent and generate violations HTML report. ... ERROR
======================================================================
ERROR: test_excel_violations (__main__.TestExcelViolations.test_excel_violations)
Validate that Excel is consistent and generate violations HTML report.
----------------------------------------------------------------------
Traceback (most recent call last):
  File "test\test_excel_violations.py", line 18, in test_excel_violations
  File "utils\report_excel_violations.py", line 98, in export_excel_violations_html
  File "encodings\cp1255.py", line 19, in encode
UnicodeEncodeError: 'charmap' codec can't encode character '\u2705' in position 0: character maps to <undefined>
----------------------------------------------------------------------
Ran 1 test in 0.047s
FAILED (errors=1)

========================================================================================================================================================================================================================
